mode: set
github.com/SsSJKK/wallet/pkg/wallet/service.go:34.78,35.37 1 1
github.com/SsSJKK/wallet/pkg/wallet/service.go:40.2,47.21 4 1
github.com/SsSJKK/wallet/pkg/wallet/service.go:35.37,36.29 1 1
github.com/SsSJKK/wallet/pkg/wallet/service.go:36.29,38.4 1 1
github.com/SsSJKK/wallet/pkg/wallet/service.go:51.70,52.17 1 1
github.com/SsSJKK/wallet/pkg/wallet/service.go:55.2,56.33 2 1
github.com/SsSJKK/wallet/pkg/wallet/service.go:62.2,62.20 1 1
github.com/SsSJKK/wallet/pkg/wallet/service.go:66.2,67.12 2 1
github.com/SsSJKK/wallet/pkg/wallet/service.go:52.17,54.3 1 1
github.com/SsSJKK/wallet/pkg/wallet/service.go:56.33,57.26 1 1
github.com/SsSJKK/wallet/pkg/wallet/service.go:57.26,59.9 2 1
github.com/SsSJKK/wallet/pkg/wallet/service.go:62.20,64.3 1 1
github.com/SsSJKK/wallet/pkg/wallet/service.go:71.116,72.17 1 1
github.com/SsSJKK/wallet/pkg/wallet/service.go:75.2,76.33 2 1
github.com/SsSJKK/wallet/pkg/wallet/service.go:80.2,80.20 1 1
github.com/SsSJKK/wallet/pkg/wallet/service.go:84.2,84.30 1 1
github.com/SsSJKK/wallet/pkg/wallet/service.go:87.2,97.21 5 1
github.com/SsSJKK/wallet/pkg/wallet/service.go:72.17,74.3 1 1
github.com/SsSJKK/wallet/pkg/wallet/service.go:76.33,78.8 2 1
github.com/SsSJKK/wallet/pkg/wallet/service.go:80.20,82.3 1 0
github.com/SsSJKK/wallet/pkg/wallet/service.go:84.30,86.3 1 0
github.com/SsSJKK/wallet/pkg/wallet/service.go:101.76,104.33 2 1
github.com/SsSJKK/wallet/pkg/wallet/service.go:110.2,110.20 1 1
github.com/SsSJKK/wallet/pkg/wallet/service.go:113.2,113.21 1 1
github.com/SsSJKK/wallet/pkg/wallet/service.go:104.33,105.26 1 1
github.com/SsSJKK/wallet/pkg/wallet/service.go:105.26,107.9 2 1
github.com/SsSJKK/wallet/pkg/wallet/service.go:110.20,112.3 1 1
github.com/SsSJKK/wallet/pkg/wallet/service.go:118.77,120.33 2 1
github.com/SsSJKK/wallet/pkg/wallet/service.go:127.2,127.20 1 1
github.com/SsSJKK/wallet/pkg/wallet/service.go:131.2,131.21 1 1
github.com/SsSJKK/wallet/pkg/wallet/service.go:120.33,121.26 1 1
github.com/SsSJKK/wallet/pkg/wallet/service.go:121.26,123.9 2 1
github.com/SsSJKK/wallet/pkg/wallet/service.go:127.20,129.3 1 1
github.com/SsSJKK/wallet/pkg/wallet/service.go:135.50,137.16 2 1
github.com/SsSJKK/wallet/pkg/wallet/service.go:140.2,143.12 4 1
github.com/SsSJKK/wallet/pkg/wallet/service.go:137.16,139.3 1 1
